[Mon Nov 21 22:24:00 PST 2016] fail 03h08m virtualbox/eval-win10x64-enterprise
[Tue Nov 22 00:53:09 PST 2016] fail 02h28m virtualbox/eval-win10x64-enterprise
[Tue Nov 22 03:42:21 PST 2016] fail 02h47m virtualbox/eval-win10x64-enterprise
[Tue Nov 22 09:45:57 PST 2016] fail 06h01m virtualbox/eval-win10x64-enterprise
[Tue Nov 22 15:36:53 PST 2016] pass 01h02m virtualbox/eval-win10x64-enterprise
[Tue Nov 22 16:26:56 PST 2016] fail 00h28m virtualbox/eval-win10x64-enterprise
[Wed Nov 23 00:42:06 PST 2016] pass 07h02m virtualbox/eval-win10x64-enterprise
[Wed Nov 23 12:30:58 PST 2016] fail 00h52m virtualbox/eval-win10x64-enterprise
[Wed, Nov 23, 2016 9:40:56 PM] fail 00h00m virtualbox/eval-win10x64-enterprise
[Thu Nov 24 05:10:56 PST 2016] fail 07h25m virtualbox/eval-win10x64-enterprise
[Thu Nov 24 12:51:03 PST 2016] pass 07h36m virtualbox/eval-win10x64-enterprise
[Thu Nov 24 23:43:16 PST 2016] pass 00h40m virtualbox/eval-win7x64-enterprise
[Fri Nov 25 00:10:06 PST 2016] pass 00h26m virtualbox/eval-win7x86-enterprise
[Sat Nov 26 00:06:25 PST 2016] pass 00h58m virtualbox/eval-win7x64-enterprise
[Sat Nov 26 00:35:20 PST 2016] pass 00h28m virtualbox/eval-win7x86-enterprise
[Sat Nov 26 08:04:53 PST 2016] fail 07h29m virtualbox/eval-win10x64-enterprise
[Sat Nov 26 08:58:15 PST 2016] pass 00h53m virtualbox/eval-win10x86-enterprise
[Sat, Nov 26, 2016 5:51:01 PM] pass 06h59m virtualbox/eval-win10x64-enterprise
[Sun Nov 27 05:56:50 PST 2016] pass 08h09m virtualbox/eval-win10x64-enterprise
[Sun Nov 27 11:51:43 PST 2016] pass 00h45m virtualbox/eval-win7x64-enterprise
